<?xml version="1.0" encoding="UTF-8"?>
<!-- Generated by org.testng.reporters.JUnitReportReporter -->
<testsuite hostname="LAPTOP-ODIK6SBS" failures="0" tests="2" name="Tests.AutomationCartTest" time="25.576" errors="0" timestamp="14 Nov 2024 10:43:16 GMT" skipped="0">
  <testcase classname="Tests.AutomationCartTest" name="submitOrder" time="11.807"/>
  <testcase classname="Tests.AutomationCartTest" name="submitOrder" time="13.769"/>
</testsuite> <!-- Tests.AutomationCartTest -->
