<?xml version="1.0" encoding="UTF-8"?>
<!-- Generated by org.testng.reporters.JUnitReportReporter -->
<testsuite hostname="LAPTOP-ODIK6SBS" failures="0" tests="2" name="Tests.ErrorValidationsTest" time="18.186" errors="0" timestamp="12 Nov 2024 07:30:49 GMT" skipped="0">
  <testcase classname="Tests.ErrorValidationsTest" name="ProductErrorValidation" time="11.612"/>
  <testcase classname="Tests.ErrorValidationsTest" name="LoginErrorValidation" time="6.574"/>
</testsuite> <!-- Tests.ErrorValidationsTest -->
