<?xml version="1.0" encoding="UTF-8"?>
<!-- Generated by org.testng.reporters.JUnitReportReporter -->
<testsuite hostname="LAPTOP-ODIK6SBS" failures="0" tests="1" name="Tests.ErrorValidations" time="5.010" errors="0" timestamp="12 Nov 2024 05:39:47 GMT" skipped="0">
  <testcase classname="Tests.ErrorValidations" name="LoginErrorValidation" time="5.010"/>
</testsuite> <!-- Tests.ErrorValidations -->
