<?xml version="1.0" encoding="UTF-8"?>
<!-- Generated by org.testng.reporters.JUnitReportReporter -->
<testsuite hostname="LAPTOP-ODIK6SBS" failures="0" tests="2" name="Tests.AutomationCartTest" time="25.304" errors="0" timestamp="14 Nov 2024 11:53:09 GMT" skipped="0">
  <testcase classname="Tests.AutomationCartTest" name="submitOrder" time="13.322"/>
  <testcase classname="Tests.AutomationCartTest" name="submitOrder" time="11.982"/>
</testsuite> <!-- Tests.AutomationCartTest -->
