<?xml version="1.0" encoding="UTF-8"?>
<!-- Generated by org.testng.reporters.JUnitReportReporter -->
<testsuite hostname="LAPTOP-ODIK6SBS" failures="0" tests="1" name="TestCase.LoginPageTest" time="5.249" errors="0" timestamp="14 Sep 2024 11:05:33 GMT" skipped="0">
  <testcase classname="TestCase.LoginPageTest" name="TC1_ValidLogin" time="5.249"/>
</testsuite> <!-- TestCase.LoginPageTest -->
