<?xml version="1.0" encoding="UTF-8"?>
<!-- Generated by org.testng.reporters.JUnitReportReporter -->
<testsuite hostname="LAPTOP-ODIK6SBS" failures="0" tests="3" name="Tests.AutomationCartTest" time="33.526" errors="0" timestamp="16 Nov 2024 13:24:45 GMT" skipped="0">
  <testcase classname="Tests.AutomationCartTest" name="OrderHistoryTest" time="4.825"/>
  <testcase classname="Tests.AutomationCartTest" name="submitOrder" time="14.522"/>
  <testcase classname="Tests.AutomationCartTest" name="submitOrder" time="14.179"/>
</testsuite> <!-- Tests.AutomationCartTest -->
