<?xml version="1.0" encoding="UTF-8"?>
<!-- Generated by org.testng.reporters.JUnitReportReporter -->
<testsuite hostname="LAPTOP-ODIK6SBS" failures="0" tests="2" name="Tests.AutomationCartTest" time="23.385" errors="0" timestamp="14 Nov 2024 10:56:31 GMT" skipped="0">
  <testcase classname="Tests.AutomationCartTest" name="submitOrder" time="12.500"/>
  <testcase classname="Tests.AutomationCartTest" name="submitOrder" time="10.885"/>
</testsuite> <!-- Tests.AutomationCartTest -->
