<?xml version="1.0" encoding="UTF-8"?>
<!-- Generated by org.testng.reporters.JUnitReportReporter -->
<testsuite hostname="LAPTOP-ODIK6SBS" failures="0" tests="2" name="Tests.AutomationCartTest" time="22.591" errors="0" timestamp="12 Nov 2024 07:22:54 GMT" skipped="0">
  <testcase classname="Tests.AutomationCartTest" name="submitOrder" time="14.683"/>
  <testcase classname="Tests.AutomationCartTest" name="verifyOrderHistory" time="7.908"/>
</testsuite> <!-- Tests.AutomationCartTest -->
