<?xml version="1.0" encoding="UTF-8"?>
<!-- Generated by org.testng.reporters.JUnitReportReporter -->
<testsuite hostname="LAPTOP-ODIK6SBS" failures="0" tests="1" name="Tests.AutomationCart" time="7.784" errors="0" timestamp="11 Nov 2024 16:12:36 GMT" skipped="0">
  <testcase classname="Tests.AutomationCart" name="executeBrowser" time="7.784"/>
</testsuite> <!-- Tests.AutomationCart -->
