<?xml version="1.0" encoding="UTF-8"?>
<!-- Generated by org.testng.reporters.JUnitReportReporter -->
<testsuite hostname="LAPTOP-ODIK6SBS" failures="0" tests="3" name="Tests.AutomationCartTest" time="22.572" errors="0" timestamp="2024-11-16T20:35:55 BDT" skipped="0">
  <testcase classname="Tests.AutomationCartTest" name="submitOrder" time="7.012"/>
  <testcase classname="Tests.AutomationCartTest" name="OrderHistoryTest" time="8.737"/>
  <testcase classname="Tests.AutomationCartTest" name="submitOrder" time="6.823"/>
</testsuite> <!-- Tests.AutomationCartTest -->
